<?xml version="1.0" encoding="UTF-8"?>
<!-- Generated by org.testng.reporters.JUnitXMLReporter -->
<testsuite ignored="0" hostname="DESKTOP-HBK8B2D" failures="2" tests="5" name="Test" time="91.888" errors="0" timestamp="2021-11-12T10:16:33 IST">
  <testcase classname="com.testingshastra.UItests.HomePageTests" name="vrifyTitleOfHomePage" time="10.47"/>
  <testcase classname="com.testingshastrasignuptests.HomePageTests" name="printAllInfoLinks" time="2.711"/>
  <testcase classname="com.testingshastrasignuptests.HomePageTests" name="verifyIfUserRedirectsToJoinMeetingPage" time="4.31">
    <failure type="org.openqa.selenium.ElementClickInterceptedException" message="element click intercepted: Element is not clickable at point (400, -1436)
  (Session info: chrome=95.0.4638.69)
Build info: version: &amp;apos;4.0.0-rc-1&amp;apos;, revision: &amp;apos;bc5511cbda&amp;apos;
System info: host: &amp;apos;DESKTOP-HBK8B2D&amp;apos;, ip: &amp;apos;192.168.43.170&amp;apos;, os.name: &amp;apos;Windows 10&amp;apos;, os.arch: &amp;apos;amd64&amp;apos;, os.version: &amp;apos;10.0&amp;apos;, java.version: &amp;apos;16.0.2&amp;apos;
Driver info: org.openqa.selenium.chrome.ChromeDriver
Command: [59fd95bbf28b6dfc901cdcb86f0f2836, clickElement {id=2daed13a-312b-48a3-bce0-666bc72acfc5}]
Capabilities {acceptInsecureCerts: false, browserName: chrome, browserVersion: 95.0.4638.69, chrome: {chromedriverVersion: 95.0.4638.69 (6a1600ed572fe..., userDataDir: C:\Users\Shree\AppData\Loca...}, goog:chromeOptions: {debuggerAddress: localhost:51731}, javascriptEnabled: true, networkConnectionEnabled: false, pageLoadStrategy: normal, platform: WINDOWS, platformName: WINDOWS, proxy: Proxy(), se:cdp: ws://localhost:51731/devtoo..., se:cdpVersion: 95.0.4638.69, setWindowRect: true, strictFileInteractability: false, timeouts: {implicit: 0, pageLoad: 300000, script: 30000}, unhandledPromptBehavior: dismiss and notify, webauthn:extension:credBlob: true, webauthn:extension:largeBlob: true, webauthn:virtualAuthenticators: true}
Element: [[ChromeDriver: chrome on WINDOWS (59fd95bbf28b6dfc901cdcb86f0f2836)] -&amp;gt; css selector: div#navbarContent li:nth-child(1)]
Session ID: 59fd95bbf28b6dfc901cdcb86f0f2836">
      <![CDATA[org.openqa.selenium.ElementClickInterceptedException: element click intercepted: Element is not clickable at point (400, -1436)
  (Session info: chrome=95.0.4638.69)
Build info: version: '4.0.0-rc-1', revision: 'bc5511cbda'
System info: host: 'DESKTOP-HBK8B2D', ip: '192.168.43.170', os.name: 'Windows 10', os.arch: 'amd64', os.version: '10.0', java.version: '16.0.2'
Driver info: org.openqa.selenium.chrome.ChromeDriver
Command: [59fd95bbf28b6dfc901cdcb86f0f2836, clickElement {id=2daed13a-312b-48a3-bce0-666bc72acfc5}]
Capabilities {acceptInsecureCerts: false, browserName: chrome, browserVersion: 95.0.4638.69, chrome: {chromedriverVersion: 95.0.4638.69 (6a1600ed572fe..., userDataDir: C:\Users\Shree\AppData\Loca...}, goog:chromeOptions: {debuggerAddress: localhost:51731}, javascriptEnabled: true, networkConnectionEnabled: false, pageLoadStrategy: normal, platform: WINDOWS, platformName: WINDOWS, proxy: Proxy(), se:cdp: ws://localhost:51731/devtoo..., se:cdpVersion: 95.0.4638.69, setWindowRect: true, strictFileInteractability: false, timeouts: {implicit: 0, pageLoad: 300000, script: 30000}, unhandledPromptBehavior: dismiss and notify, webauthn:extension:credBlob: true, webauthn:extension:largeBlob: true, webauthn:virtualAuthenticators: true}
Element: [[ChromeDriver: chrome on WINDOWS (59fd95bbf28b6dfc901cdcb86f0f2836)] -> css selector: div#navbarContent li:nth-child(1)]
Session ID: 59fd95bbf28b6dfc901cdcb86f0f2836
at org.openqa.selenium.remote.codec.w3c.W3CHttpResponseCodec.createException(W3CHttpResponseCodec.java:200)
at org.openqa.selenium.remote.codec.w3c.W3CHttpResponseCodec.decode(W3CHttpResponseCodec.java:133)
at org.openqa.selenium.remote.codec.w3c.W3CHttpResponseCodec.decode(W3CHttpResponseCodec.java:53)
at org.openqa.selenium.remote.HttpCommandExecutor.execute(HttpCommandExecutor.java:184)
at org.openqa.selenium.remote.service.DriverCommandExecutor.invokeExecute(DriverCommandExecutor.java:164)
at org.openqa.selenium.remote.service.DriverCommandExecutor.execute(DriverCommandExecutor.java:139)
at org.openqa.selenium.remote.RemoteWebDriver.execute(RemoteWebDriver.java:547)
at org.openqa.selenium.remote.RemoteWebElement.execute(RemoteWebElement.java:251)
at org.openqa.selenium.remote.RemoteWebElement.click(RemoteWebElement.java:77)
at org.openqa.selenium.support.pagefactory.internal.LocatingElementHandler.invoke(LocatingElementHandler.java:52)
at jdk.proxy2/jdk.proxy2.$Proxy17.click(Unknown Source)
at com.testingshastra.pages.HomePage.clickOnJoinMeetingTab(HomePage.java:33)
at com.testingshastrasignuptests.HomePageTests.verifyIfUserRedirectsToJoinMeetingPage(HomePageTests.java:28)
at java.base/java.util.ArrayList.forEach(ArrayList.java:1511)
... Removed 36 stack frames]]>
    </failure>
  </testcase> <!-- verifyIfUserRedirectsToJoinMeetingPage -->
  <testcase classname="com.testingshastrasignuptests.HomePageTests" name="verifyTitleOfHomePage" time="2.862"/>
  <testcase classname="com.testingshastrasignuptests.SignUpPageTests" name="validateFullNameNameFieldForCorrectInput" time="15.125">
    <failure type="java.lang.AssertionError" message="expected [ https://ijmeet.com/dashboard] but found [actualUrl]">
      <![CDATA[java.lang.AssertionError: expected [ https://ijmeet.com/dashboard] but found [actualUrl]
at com.testingshastrasignuptests.SignUpPageTests.validateFullNameNameFieldForCorrectInput(SignUpPageTests.java:44)
at java.base/java.util.ArrayList.forEach(ArrayList.java:1511)
... Removed 32 stack frames]]>
    </failure>
  </testcase> <!-- validateFullNameNameFieldForCorrectInput -->
</testsuite> <!-- Test -->
